Using pre-set license
Built from '2021.3/staging' branch; Version is '2021.3.29f1 (204d6dc9ae1c) revision 2116973'; Using compiler version '192829333'; Build Type 'Release'
OS: 'Windows 11  (10.0.22621) 64bit CoreSingleLanguage' Language: 'vi' Physical Memory: 15790 MB
BatchMode: 1, IsHumanControllingUs: 0, StartBugReporterOnCrash: 0, Is64bit: 1, IsPro: 1

COMMAND LINE ARGUMENTS:
C:\Program Files\Unity\Hub\Editor\2021.3.29f1\Editor\Unity.exe
-adb2
-batchMode
-noUpm
-name
AssetImportWorker0
-projectPath
C:/Users/oncnb/Downloads/Programs/Dung xoa/DA2CNTT
-logFile
Logs/AssetImportWorker0.log
-srvPort
62407
Successfully changed project path to: C:/Users/oncnb/Downloads/Programs/Dung xoa/DA2CNTT
C:/Users/oncnb/Downloads/Programs/Dung xoa/DA2CNTT
[UnityMemory] Configuration Parameters - Can be set up in boot.config
    "memorysetup-bucket-allocator-granularity=16"
    "memorysetup-bucket-allocator-bucket-count=8"
    "memorysetup-bucket-allocator-block-size=33554432"
    "memorysetup-bucket-allocator-block-count=8"
    "memorysetup-main-allocator-block-size=16777216"
    "memorysetup-thread-allocator-block-size=16777216"
    "memorysetup-gfx-main-allocator-block-size=16777216"
    "memorysetup-gfx-thread-allocator-block-size=16777216"
    "memorysetup-cache-allocator-block-size=4194304"
    "memorysetup-typetree-allocator-block-size=2097152"
    "memorysetup-profiler-bucket-allocator-granularity=16"
    "memorysetup-profiler-bucket-allocator-bucket-count=8"
    "memorysetup-profiler-bucket-allocator-block-size=33554432"
    "memorysetup-profiler-bucket-allocator-block-count=8"
    "memorysetup-profiler-allocator-block-size=16777216"
    "memorysetup-profiler-editor-allocator-block-size=1048576"
    "memorysetup-temp-allocator-size-main=16777216"
    "memorysetup-job-temp-allocator-block-size=2097152"
    "memorysetup-job-temp-allocator-block-size-background=1048576"
    "memorysetup-job-temp-allocator-reduction-small-platforms=262144"
    "memorysetup-temp-allocator-size-background-worker=32768"
    "memorysetup-temp-allocator-size-job-worker=262144"
    "memorysetup-temp-allocator-size-preload-manager=33554432"
    "memorysetup-temp-allocator-size-nav-mesh-worker=65536"
    "memorysetup-temp-allocator-size-audio-worker=65536"
    "memorysetup-temp-allocator-size-cloud-worker=32768"
    "memorysetup-temp-allocator-size-gi-baking-worker=262144"
    "memorysetup-temp-allocator-size-gfx=262144"
Player connection [30904] Host "[IP] 192.168.1.13 [Port] 0 [Flags] 2 [Guid] 3502672535 [EditorId] 3502672535 [Version] 1048832 [Id] WindowsEditor(7,Nanari) [Debug] 1 [PackageName] WindowsEditor [ProjectName] Editor" joined multi-casting on [225.0.0.222:54997]...

Player connection [30904] Host "[IP] 192.168.1.13 [Port] 0 [Flags] 2 [Guid] 3502672535 [EditorId] 3502672535 [Version] 1048832 [Id] WindowsEditor(7,Nanari) [Debug] 1 [PackageName] WindowsEditor [ProjectName] Editor" joined alternative multi-casting on [225.0.0.222:34997]...

Refreshing native plugins compatible for Editor in 123.50 ms, found 3 plugins.
Preloading 0 native plugins for Editor in 0.00 ms.
Initialize engine version: 2021.3.29f1 (204d6dc9ae1c)
[Subsystems] Discovering subsystems at path C:/Program Files/Unity/Hub/Editor/2021.3.29f1/Editor/Data/Resources/UnitySubsystems
[Subsystems] Discovering subsystems at path C:/Users/oncnb/Downloads/Programs/Dung xoa/DA2CNTT/Assets
GfxDevice: creating device client; threaded=0; jobified=0
Direct3D:
    Version:  Direct3D 11.0 [level 11.1]
    Renderer: NVIDIA GeForce RTX 3060 Laptop GPU (ID=0x2520)
    Vendor:   NVIDIA
    VRAM:     6009 MB
    Driver:   31.0.15.3645
Initialize mono
Mono path[0] = 'C:/Program Files/Unity/Hub/Editor/2021.3.29f1/Editor/Data/Managed'
Mono path[1] = 'C:/Program Files/Unity/Hub/Editor/2021.3.29f1/Editor/Data/MonoBleedingEdge/lib/mono/unityjit-win32'
Mono config path = 'C:/Program Files/Unity/Hub/Editor/2021.3.29f1/Editor/Data/MonoBleedingEdge/etc'
Using monoOptions --debugger-agent=transport=dt_socket,embedding=1,server=y,suspend=n,address=127.0.0.1:56876
Begin MonoManager ReloadAssembly
Registering precompiled unity dll's ...
Register platform support module: C:/Program Files/Unity/Hub/Editor/2021.3.29f1/Editor/Data/PlaybackEngines/WindowsStandaloneSupport/UnityEditor.WindowsStandalone.Extensions.dll
Registered in 0.003843 seconds.
Native extension for WindowsStandalone target not found
Refreshing native plugins compatible for Editor in 104.42 ms, found 3 plugins.
Preloading 0 native plugins for Editor in 0.00 ms.
Mono: successfully reloaded assembly
- Completed reload, in  0.516 seconds
Domain Reload Profiling:
	ReloadAssembly (516ms)
		BeginReloadAssembly (65ms)
			ExecutionOrderSort (0ms)
			DisableScriptedObjects (0ms)
			BackupInstance (0ms)
			ReleaseScriptingObjects (0ms)
			CreateAndSetChildDomain (1ms)
		EndReloadAssembly (375ms)
			LoadAssemblies (63ms)
			RebuildTransferFunctionScriptingTraits (0ms)
			SetupTypeCache (79ms)
			ReleaseScriptCaches (0ms)
			RebuildScriptCaches (19ms)
			SetupLoadedEditorAssemblies (236ms)
				LogAssemblyErrors (0ms)
				InitializePlatformSupportModulesInManaged (7ms)
				SetLoadedEditorAssemblies (0ms)
				RefreshPlugins (104ms)
				BeforeProcessingInitializeOnLoad (1ms)
				ProcessInitializeOnLoadAttributes (88ms)
				ProcessInitializeOnLoadMethodAttributes (36ms)
				AfterProcessingInitializeOnLoad (0ms)
				EditorAssembliesLoaded (0ms)
			ExecutionOrderSort2 (0ms)
			AwakeInstancesAfterBackupRestoration (0ms)
Platform modules already initialized, skipping
Registering precompiled user dll's ...
Registered in 0.004916 seconds.
Begin MonoManager ReloadAssembly
Symbol file LoadedFromMemory doesn't match image C:\Users\oncnb\Downloads\Programs\Dung xoa\DA2CNTT\Library\PackageCache\com.unity.visualscripting@1.8.0\Editor\VisualScripting.Core\Dependencies\YamlDotNet\Unity.VisualScripting.YamlDotNet.dll
Symbol file LoadedFromMemory doesn't match image C:\Users\oncnb\Downloads\Programs\Dung xoa\DA2CNTT\Library\PackageCache\com.unity.visualscripting@1.8.0\Editor\VisualScripting.Core\Dependencies\DotNetZip\Unity.VisualScripting.IonicZip.dll
Symbol file LoadedFromMemory is not a mono symbol file
Native extension for WindowsStandalone target not found
Refreshing native plugins compatible for Editor in 125.59 ms, found 3 plugins.
Preloading 0 native plugins for Editor in 0.00 ms.
Mono: successfully reloaded assembly
- Completed reload, in  1.086 seconds
Domain Reload Profiling:
	ReloadAssembly (1087ms)
		BeginReloadAssembly (111ms)
			ExecutionOrderSort (0ms)
			DisableScriptedObjects (4ms)
			BackupInstance (0ms)
			ReleaseScriptingObjects (0ms)
			CreateAndSetChildDomain (20ms)
		EndReloadAssembly (879ms)
			LoadAssemblies (89ms)
			RebuildTransferFunctionScriptingTraits (0ms)
			SetupTypeCache (231ms)
			ReleaseScriptCaches (1ms)
			RebuildScriptCaches (44ms)
			SetupLoadedEditorAssemblies (499ms)
				LogAssemblyErrors (0ms)
				InitializePlatformSupportModulesInManaged (4ms)
				SetLoadedEditorAssemblies (0ms)
				RefreshPlugins (126ms)
				BeforeProcessingInitializeOnLoad (74ms)
				ProcessInitializeOnLoadAttributes (276ms)
				ProcessInitializeOnLoadMethodAttributes (13ms)
				AfterProcessingInitializeOnLoad (6ms)
				EditorAssembliesLoaded (0ms)
			ExecutionOrderSort2 (0ms)
			AwakeInstancesAfterBackupRestoration (5ms)
Platform modules already initialized, skipping
========================================================================
Worker process is ready to serve import requests
Launched and connected shader compiler UnityShaderCompiler.exe after 0.05 seconds
Refreshing native plugins compatible for Editor in 1.35 ms, found 3 plugins.
Preloading 0 native plugins for Editor in 0.00 ms.
Unloading 3864 Unused Serialized files (Serialized files now loaded: 0)
Unloading 39 unused Assets / (1.3 MB). Loaded Objects now: 4347.
Memory consumption went from 247.9 MB to 246.6 MB.
Total: 3.257000 ms (FindLiveObjects: 0.302200 ms CreateObjectMapping: 0.245600 ms MarkObjects: 2.424500 ms  DeleteObjects: 0.283500 ms)

AssetImportParameters requested are different than current active one (requested -> active):
  custom:video-decoder-ogg-theora: a1e56fd34408186e4bbccfd4996cb3dc -> 
  custom:container-muxer-webm: aa71ff27fc2769a1b78a27578f13a17b -> 
  custom:container-demuxer-webm: 4f35f7cbe854078d1ac9338744f61a02 -> 
  custom:video-encoder-webm-vp8: eb34c28f22e8b96e1ab97ce403110664 -> 
  custom:video-codec-MediaFoundation-h265: 746d11721c4dcdbdad8f713fa42b33f4 -> 
  custom:audio-encoder-webm-vorbis: bf7c407c2cedff20999df2af8eb42d56 -> 
  custom:framework-win-MediaFoundation: 216162199b28c13a410421893ffa2e32 -> 
  custom:container-demuxer-ogg: 62fdf1f143b41e24485cea50d1cbac27 -> 
  custom:video-decoder-webm-vp8: 9c59270c3fd7afecdb556c50c9e8de78 -> 
  custom:audio-decoder-ogg-vorbis: bf7c407c2cedff20999df2af8eb42d56 -> 
========================================================================
Received Prepare
Registering precompiled user dll's ...
Registered in 0.004667 seconds.
Begin MonoManager ReloadAssembly
Symbol file LoadedFromMemory doesn't match image C:\Users\oncnb\Downloads\Programs\Dung xoa\DA2CNTT\Library\PackageCache\com.unity.visualscripting@1.8.0\Editor\VisualScripting.Core\Dependencies\YamlDotNet\Unity.VisualScripting.YamlDotNet.dll
Symbol file LoadedFromMemory doesn't match image C:\Users\oncnb\Downloads\Programs\Dung xoa\DA2CNTT\Library\PackageCache\com.unity.visualscripting@1.8.0\Editor\VisualScripting.Core\Dependencies\DotNetZip\Unity.VisualScripting.IonicZip.dll
Symbol file LoadedFromMemory is not a mono symbol file
Native extension for WindowsStandalone target not found
Refreshing native plugins compatible for Editor in 1.29 ms, found 3 plugins.
Preloading 0 native plugins for Editor in 0.00 ms.
Mono: successfully reloaded assembly
- Completed reload, in  0.808 seconds
Domain Reload Profiling:
	ReloadAssembly (809ms)
		BeginReloadAssembly (119ms)
			ExecutionOrderSort (0ms)
			DisableScriptedObjects (4ms)
			BackupInstance (0ms)
			ReleaseScriptingObjects (0ms)
			CreateAndSetChildDomain (32ms)
		EndReloadAssembly (611ms)
			LoadAssemblies (81ms)
			RebuildTransferFunctionScriptingTraits (0ms)
			SetupTypeCache (212ms)
			ReleaseScriptCaches (1ms)
			RebuildScriptCaches (32ms)
			SetupLoadedEditorAssemblies (253ms)
				LogAssemblyErrors (0ms)
				InitializePlatformSupportModulesInManaged (5ms)
				SetLoadedEditorAssemblies (0ms)
				RefreshPlugins (1ms)
				BeforeProcessingInitializeOnLoad (46ms)
				ProcessInitializeOnLoadAttributes (178ms)
				ProcessInitializeOnLoadMethodAttributes (15ms)
				AfterProcessingInitializeOnLoad (7ms)
				EditorAssembliesLoaded (0ms)
			ExecutionOrderSort2 (0ms)
			AwakeInstancesAfterBackupRestoration (6ms)
Platform modules already initialized, skipping
Refreshing native plugins compatible for Editor in 2.64 ms, found 3 plugins.
Preloading 0 native plugins for Editor in 0.00 ms.
Unloading 3802 Unused Serialized files (Serialized files now loaded: 0)
Unloading 30 unused Assets / (1.2 MB). Loaded Objects now: 4350.
Memory consumption went from 240.4 MB to 239.2 MB.
Total: 3.128000 ms (FindLiveObjects: 0.237000 ms CreateObjectMapping: 0.084700 ms MarkObjects: 2.568400 ms  DeleteObjects: 0.236600 ms)

AssetImportParameters requested are different than current active one (requested -> active):
  custom:video-decoder-ogg-theora: a1e56fd34408186e4bbccfd4996cb3dc -> 
  custom:container-muxer-webm: aa71ff27fc2769a1b78a27578f13a17b -> 
  custom:container-demuxer-webm: 4f35f7cbe854078d1ac9338744f61a02 -> 
  custom:video-encoder-webm-vp8: eb34c28f22e8b96e1ab97ce403110664 -> 
  custom:video-codec-MediaFoundation-h265: 746d11721c4dcdbdad8f713fa42b33f4 -> 
  custom:CustomObjectIndexerAttribute: bc11b3a6c3213fcdd17b65e7da85e133 -> 
  custom:audio-encoder-webm-vorbis: bf7c407c2cedff20999df2af8eb42d56 -> 
  custom:framework-win-MediaFoundation: 216162199b28c13a410421893ffa2e32 -> 
  custom:container-demuxer-ogg: 62fdf1f143b41e24485cea50d1cbac27 -> 
  custom:video-decoder-webm-vp8: 9c59270c3fd7afecdb556c50c9e8de78 -> 
  custom:audio-decoder-ogg-vorbis: bf7c407c2cedff20999df2af8eb42d56 -> 
========================================================================
Received Import Request.
  Time since last request: 99765.194980 seconds.
  path: Assets/DA2Stuff/Animation/Door_Close_Y_P90.anim
  artifactKey: Guid(6b66b217302e8eb41b2e637d2e65bd95) Importer(815301076,1909f56bfc062723c751e8b465ee728b)
Start importing Assets/DA2Stuff/Animation/Door_Close_Y_P90.anim using Guid(6b66b217302e8eb41b2e637d2e65bd95) Importer(815301076,1909f56bfc062723c751e8b465ee728b)  -> (artifact id: 'c16307ba8e642b17335a5114d88932e2') in 0.052151 seconds 
========================================================================
Received Prepare
Registering precompiled user dll's ...
Registered in 0.004922 seconds.
Begin MonoManager ReloadAssembly
Symbol file LoadedFromMemory doesn't match image C:\Users\oncnb\Downloads\Programs\Dung xoa\DA2CNTT\Library\PackageCache\com.unity.visualscripting@1.8.0\Editor\VisualScripting.Core\Dependencies\YamlDotNet\Unity.VisualScripting.YamlDotNet.dll
Symbol file LoadedFromMemory doesn't match image C:\Users\oncnb\Downloads\Programs\Dung xoa\DA2CNTT\Library\PackageCache\com.unity.visualscripting@1.8.0\Editor\VisualScripting.Core\Dependencies\DotNetZip\Unity.VisualScripting.IonicZip.dll
Symbol file LoadedFromMemory is not a mono symbol file
Native extension for WindowsStandalone target not found
Refreshing native plugins compatible for Editor in 1.33 ms, found 3 plugins.
Preloading 0 native plugins for Editor in 0.00 ms.
Mono: successfully reloaded assembly
- Completed reload, in  0.805 seconds
Domain Reload Profiling:
	ReloadAssembly (806ms)
		BeginReloadAssembly (129ms)
			ExecutionOrderSort (0ms)
			DisableScriptedObjects (4ms)
			BackupInstance (0ms)
			ReleaseScriptingObjects (0ms)
			CreateAndSetChildDomain (33ms)
		EndReloadAssembly (592ms)
			LoadAssemblies (83ms)
			RebuildTransferFunctionScriptingTraits (0ms)
			SetupTypeCache (216ms)
			ReleaseScriptCaches (1ms)
			RebuildScriptCaches (32ms)
			SetupLoadedEditorAssemblies (242ms)
				LogAssemblyErrors (0ms)
				InitializePlatformSupportModulesInManaged (4ms)
				SetLoadedEditorAssemblies (0ms)
				RefreshPlugins (1ms)
				BeforeProcessingInitializeOnLoad (46ms)
				ProcessInitializeOnLoadAttributes (171ms)
				ProcessInitializeOnLoadMethodAttributes (14ms)
				AfterProcessingInitializeOnLoad (5ms)
				EditorAssembliesLoaded (0ms)
			ExecutionOrderSort2 (0ms)
			AwakeInstancesAfterBackupRestoration (5ms)
Platform modules already initialized, skipping
Refreshing native plugins compatible for Editor in 2.57 ms, found 3 plugins.
Preloading 0 native plugins for Editor in 0.00 ms.
Unloading 3802 Unused Serialized files (Serialized files now loaded: 0)
Unloading 30 unused Assets / (1.2 MB). Loaded Objects now: 4354.
Memory consumption went from 240.5 MB to 239.2 MB.
Total: 2.595600 ms (FindLiveObjects: 0.245900 ms CreateObjectMapping: 0.114500 ms MarkObjects: 2.015800 ms  DeleteObjects: 0.218500 ms)

AssetImportParameters requested are different than current active one (requested -> active):
  custom:video-decoder-ogg-theora: a1e56fd34408186e4bbccfd4996cb3dc -> 
  custom:container-muxer-webm: aa71ff27fc2769a1b78a27578f13a17b -> 
  custom:container-demuxer-webm: 4f35f7cbe854078d1ac9338744f61a02 -> 
  custom:video-encoder-webm-vp8: eb34c28f22e8b96e1ab97ce403110664 -> 
  custom:video-codec-MediaFoundation-h265: 746d11721c4dcdbdad8f713fa42b33f4 -> 
  custom:CustomObjectIndexerAttribute: bc11b3a6c3213fcdd17b65e7da85e133 -> 
  custom:audio-encoder-webm-vorbis: bf7c407c2cedff20999df2af8eb42d56 -> 
  custom:framework-win-MediaFoundation: 216162199b28c13a410421893ffa2e32 -> 
  custom:container-demuxer-ogg: 62fdf1f143b41e24485cea50d1cbac27 -> 
  custom:video-decoder-webm-vp8: 9c59270c3fd7afecdb556c50c9e8de78 -> 
  custom:audio-decoder-ogg-vorbis: bf7c407c2cedff20999df2af8eb42d56 -> 
========================================================================
Received Import Request.
  Time since last request: 91.980798 seconds.
  path: Assets/Horror FPS KIT/HFPS Assets/Content/Sounds/JumpscareSounds/Stingers/jumpscare_stinger_02.ogg
  artifactKey: Guid(174a528e346ce1c448389b101916bd84) Importer(815301076,1909f56bfc062723c751e8b465ee728b)
Start importing Assets/Horror FPS KIT/HFPS Assets/Content/Sounds/JumpscareSounds/Stingers/jumpscare_stinger_02.ogg using Guid(174a528e346ce1c448389b101916bd84) Importer(815301076,1909f56bfc062723c751e8b465ee728b)  -> (artifact id: 'd3ebe8b6d7a5ca498622ef8a0a37ef65') in 0.100376 seconds 
========================================================================
Received Import Request.
  Time since last request: 0.000045 seconds.
  path: Assets/Horror FPS KIT/HFPS Assets/Content/Sounds/JumpscareSounds/Stingers/jumpscare_stinger_04.ogg
  artifactKey: Guid(fbc92f9b07f1c8e40961b78a35d1245c) Importer(815301076,1909f56bfc062723c751e8b465ee728b)
Start importing Assets/Horror FPS KIT/HFPS Assets/Content/Sounds/JumpscareSounds/Stingers/jumpscare_stinger_04.ogg using Guid(fbc92f9b07f1c8e40961b78a35d1245c) Importer(815301076,1909f56bfc062723c751e8b465ee728b)  -> (artifact id: '92ab6bd0e71bce90ce2d8d7f3a991e10') in 0.022483 seconds 
========================================================================
Received Import Request.
  Time since last request: 45.472818 seconds.
  path: Assets/Horror FPS KIT/HFPS Assets/Content/Sounds/JumpscareSounds/Stingers/vocal_ghosts_03.ogg
  artifactKey: Guid(0e5b418ea2ed4694cb9eaaa1054cb6e5) Importer(815301076,1909f56bfc062723c751e8b465ee728b)
Start importing Assets/Horror FPS KIT/HFPS Assets/Content/Sounds/JumpscareSounds/Stingers/vocal_ghosts_03.ogg using Guid(0e5b418ea2ed4694cb9eaaa1054cb6e5) Importer(815301076,1909f56bfc062723c751e8b465ee728b)  -> (artifact id: '7516e5fbe63bff8363ccb163140751fe') in 0.017427 seconds 
========================================================================
Received Import Request.
  Time since last request: 0.000016 seconds.
  path: Assets/Horror FPS KIT/HFPS Assets/Content/Sounds/Zombie/ZombieSounds/Z1/Z1 Searching 01.ogg
  artifactKey: Guid(b981dd6e17313e440810a20bebe6bac5) Importer(815301076,1909f56bfc062723c751e8b465ee728b)
Start importing Assets/Horror FPS KIT/HFPS Assets/Content/Sounds/Zombie/ZombieSounds/Z1/Z1 Searching 01.ogg using Guid(b981dd6e17313e440810a20bebe6bac5) Importer(815301076,1909f56bfc062723c751e8b465ee728b)  -> (artifact id: '8b6efe3a8f8ac2de127865b15d5a96d1') in 0.020606 seconds 
========================================================================
Received Import Request.
  Time since last request: 0.000023 seconds.
  path: Assets/Horror FPS KIT/HFPS Assets/Content/Sounds/Zombie/ZombieSounds/Z1/Z1 Searching 02.ogg
  artifactKey: Guid(0d33fd942a8f91c4faa295e1ee34c43c) Importer(815301076,1909f56bfc062723c751e8b465ee728b)
Start importing Assets/Horror FPS KIT/HFPS Assets/Content/Sounds/Zombie/ZombieSounds/Z1/Z1 Searching 02.ogg using Guid(0d33fd942a8f91c4faa295e1ee34c43c) Importer(815301076,1909f56bfc062723c751e8b465ee728b)  -> (artifact id: 'eea86310691475408b04f2379c33aadf') in 0.021369 seconds 
========================================================================
Received Import Request.
  Time since last request: 1.163312 seconds.
  path: Assets/Horror FPS KIT/HFPS Assets/Content/Sounds/Ambience/Horror Ambience - Room 01.ogg
  artifactKey: Guid(d2dabc535e97e8b49813e805c15c2087) Importer(815301076,1909f56bfc062723c751e8b465ee728b)
Start importing Assets/Horror FPS KIT/HFPS Assets/Content/Sounds/Ambience/Horror Ambience - Room 01.ogg using Guid(d2dabc535e97e8b49813e805c15c2087) Importer(815301076,1909f56bfc062723c751e8b465ee728b)  -> (artifact id: 'c3d3fdd563670aabe46a64b4644828f2') in 0.017618 seconds 
========================================================================
Received Import Request.
  Time since last request: 0.000020 seconds.
  path: Assets/Horror FPS KIT/HFPS Assets/Content/Sounds/Ambience/Horror MainMenu Loop Salvation.ogg
  artifactKey: Guid(631f52de969a74f4980fb780096b2811) Importer(815301076,1909f56bfc062723c751e8b465ee728b)
Start importing Assets/Horror FPS KIT/HFPS Assets/Content/Sounds/Ambience/Horror MainMenu Loop Salvation.ogg using Guid(631f52de969a74f4980fb780096b2811) Importer(815301076,1909f56bfc062723c751e8b465ee728b)  -> (artifact id: '3183df780f0591991bde399d921b3c7c') in 0.020760 seconds 
========================================================================
Received Import Request.
  Time since last request: 0.000033 seconds.
  path: Assets/Horror FPS KIT/HFPS Assets/Content/Sounds/Ambience/Horror MainMenu Loop 01.ogg
  artifactKey: Guid(9e6f990dcdc6406498819b3cd27241a7) Importer(815301076,1909f56bfc062723c751e8b465ee728b)
Start importing Assets/Horror FPS KIT/HFPS Assets/Content/Sounds/Ambience/Horror MainMenu Loop 01.ogg using Guid(9e6f990dcdc6406498819b3cd27241a7) Importer(815301076,1909f56bfc062723c751e8b465ee728b)  -> (artifact id: '8d80e0d4e6e8bb5a6cda87bb9f9375d5') in 0.019956 seconds 
========================================================================
Received Import Request.
  Time since last request: 0.000022 seconds.
  path: Assets/Horror FPS KIT/HFPS Assets/Content/Sounds/Ambience/Horror MainMenu Loop 02.ogg
  artifactKey: Guid(cf8642f741182094f8c28b782678d756) Importer(815301076,1909f56bfc062723c751e8b465ee728b)
Start importing Assets/Horror FPS KIT/HFPS Assets/Content/Sounds/Ambience/Horror MainMenu Loop 02.ogg using Guid(cf8642f741182094f8c28b782678d756) Importer(815301076,1909f56bfc062723c751e8b465ee728b)  -> (artifact id: '9361c1f63de46a9f900551fab9ea3d73') in 0.021285 seconds 
========================================================================
Received Import Request.
  Time since last request: 0.698832 seconds.
  path: Assets/Horror FPS KIT/HFPS Assets/Content/Sounds/JumpscareSounds/Stingers/jumpscare_stinger_06.ogg
  artifactKey: Guid(d6b206eb87acc384c9e52082e08ddc53) Importer(815301076,1909f56bfc062723c751e8b465ee728b)
Start importing Assets/Horror FPS KIT/HFPS Assets/Content/Sounds/JumpscareSounds/Stingers/jumpscare_stinger_06.ogg using Guid(d6b206eb87acc384c9e52082e08ddc53) Importer(815301076,1909f56bfc062723c751e8b465ee728b)  -> (artifact id: '9f3123fc9352d8e6f3427c39a78084aa') in 0.017917 seconds 
========================================================================
Received Import Request.
  Time since last request: 0.000019 seconds.
  path: Assets/Horror FPS KIT/HFPS Assets/Content/Sounds/Player/Jumping/ManJump_04.ogg
  artifactKey: Guid(f50cf10e55374904c9f01f467ad71cb7) Importer(815301076,1909f56bfc062723c751e8b465ee728b)
Start importing Assets/Horror FPS KIT/HFPS Assets/Content/Sounds/Player/Jumping/ManJump_04.ogg using Guid(f50cf10e55374904c9f01f467ad71cb7) Importer(815301076,1909f56bfc062723c751e8b465ee728b)  -> (artifact id: '94a730972ee04efc80a453324d7687bf') in 0.037091 seconds 
========================================================================
Received Import Request.
  Time since last request: 0.000018 seconds.
  path: Assets/Horror FPS KIT/HFPS Assets/Content/Sounds/Player/Jumping/ManJump_03.ogg
  artifactKey: Guid(5ced7b1d2209ba4418b455e3e2a9b56e) Importer(815301076,1909f56bfc062723c751e8b465ee728b)
Start importing Assets/Horror FPS KIT/HFPS Assets/Content/Sounds/Player/Jumping/ManJump_03.ogg using Guid(5ced7b1d2209ba4418b455e3e2a9b56e) Importer(815301076,1909f56bfc062723c751e8b465ee728b)  -> (artifact id: '2b95d65417928044de5ec8858a2d96ae') in 0.015914 seconds 
========================================================================
Received Import Request.
  Time since last request: 2.196744 seconds.
  path: Assets/Horror FPS KIT/HFPS Assets/Content/Sounds/JumpscareSounds/Stingers/jumpscare_stinger_05.ogg
  artifactKey: Guid(9762f0abdcc7b714a995ab53a920a6a3) Importer(815301076,1909f56bfc062723c751e8b465ee728b)
Start importing Assets/Horror FPS KIT/HFPS Assets/Content/Sounds/JumpscareSounds/Stingers/jumpscare_stinger_05.ogg using Guid(9762f0abdcc7b714a995ab53a920a6a3) Importer(815301076,1909f56bfc062723c751e8b465ee728b)  -> (artifact id: '3f07decc4fe460bf3d868e35d17bb9b4') in 0.020890 seconds 
========================================================================
Received Prepare
Registering precompiled user dll's ...
Registered in 0.005846 seconds.
Begin MonoManager ReloadAssembly
Symbol file LoadedFromMemory doesn't match image C:\Users\oncnb\Downloads\Programs\Dung xoa\DA2CNTT\Library\PackageCache\com.unity.visualscripting@1.8.0\Editor\VisualScripting.Core\Dependencies\YamlDotNet\Unity.VisualScripting.YamlDotNet.dll
Symbol file LoadedFromMemory doesn't match image C:\Users\oncnb\Downloads\Programs\Dung xoa\DA2CNTT\Library\PackageCache\com.unity.visualscripting@1.8.0\Editor\VisualScripting.Core\Dependencies\DotNetZip\Unity.VisualScripting.IonicZip.dll
Symbol file LoadedFromMemory is not a mono symbol file
Native extension for WindowsStandalone target not found
Refreshing native plugins compatible for Editor in 1.25 ms, found 3 plugins.
Preloading 0 native plugins for Editor in 0.00 ms.
Mono: successfully reloaded assembly
- Completed reload, in  0.790 seconds
Domain Reload Profiling:
	ReloadAssembly (791ms)
		BeginReloadAssembly (119ms)
			ExecutionOrderSort (0ms)
			DisableScriptedObjects (4ms)
			BackupInstance (0ms)
			ReleaseScriptingObjects (0ms)
			CreateAndSetChildDomain (35ms)
		EndReloadAssembly (600ms)
			LoadAssemblies (74ms)
			RebuildTransferFunctionScriptingTraits (0ms)
			SetupTypeCache (217ms)
			ReleaseScriptCaches (1ms)
			RebuildScriptCaches (35ms)
			SetupLoadedEditorAssemblies (246ms)
				LogAssemblyErrors (0ms)
				InitializePlatformSupportModulesInManaged (4ms)
				SetLoadedEditorAssemblies (0ms)
				RefreshPlugins (1ms)
				BeforeProcessingInitializeOnLoad (45ms)
				ProcessInitializeOnLoadAttributes (175ms)
				ProcessInitializeOnLoadMethodAttributes (14ms)
				AfterProcessingInitializeOnLoad (7ms)
				EditorAssembliesLoaded (0ms)
			ExecutionOrderSort2 (0ms)
			AwakeInstancesAfterBackupRestoration (5ms)
Platform modules already initialized, skipping
Refreshing native plugins compatible for Editor in 2.37 ms, found 3 plugins.
Preloading 0 native plugins for Editor in 0.00 ms.
Unloading 3802 Unused Serialized files (Serialized files now loaded: 0)
Unloading 30 unused Assets / (1.2 MB). Loaded Objects now: 4366.
Memory consumption went from 244.9 MB to 243.6 MB.
Total: 2.591100 ms (FindLiveObjects: 0.244300 ms CreateObjectMapping: 0.117900 ms MarkObjects: 1.995900 ms  DeleteObjects: 0.232200 ms)

AssetImportParameters requested are different than current active one (requested -> active):
  custom:video-decoder-ogg-theora: a1e56fd34408186e4bbccfd4996cb3dc -> 
  custom:container-muxer-webm: aa71ff27fc2769a1b78a27578f13a17b -> 
  custom:container-demuxer-webm: 4f35f7cbe854078d1ac9338744f61a02 -> 
  custom:video-encoder-webm-vp8: eb34c28f22e8b96e1ab97ce403110664 -> 
  custom:video-codec-MediaFoundation-h265: 746d11721c4dcdbdad8f713fa42b33f4 -> 
  custom:CustomObjectIndexerAttribute: bc11b3a6c3213fcdd17b65e7da85e133 -> 
  custom:audio-encoder-webm-vorbis: bf7c407c2cedff20999df2af8eb42d56 -> 
  custom:framework-win-MediaFoundation: 216162199b28c13a410421893ffa2e32 -> 
  custom:container-demuxer-ogg: 62fdf1f143b41e24485cea50d1cbac27 -> 
  custom:video-decoder-webm-vp8: 9c59270c3fd7afecdb556c50c9e8de78 -> 
  custom:audio-decoder-ogg-vorbis: bf7c407c2cedff20999df2af8eb42d56 -> 
